<?xml version="1.0" encoding="UTF-8"?>
<!-- Generated by org.testng.reporters.JUnitReportReporter -->
<testsuite hostname="DESKTOP-30FNJH5" name="pkg1.Class1" tests="1" failures="0" timestamp="23 Sep 2018 05:41:35 GMT" time="0.018" errors="0">
  <testcase name="tc" time="0.018" classname="pkg1.Class1"/>
</testsuite> <!-- pkg1.Class1 -->
