<?xml version="1.0" encoding="UTF-8"?>
<!-- Generated by org.testng.reporters.JUnitReportReporter -->
<testsuite hostname="DESKTOP-30FNJH5" name="pkg1.Class2" tests="1" failures="0" timestamp="23 Sep 2018 05:41:35 GMT" time="0.004" errors="0">
  <testcase name="tc" time="0.004" classname="pkg1.Class2"/>
</testsuite> <!-- pkg1.Class2 -->
